<?xml version="1.0" encoding="UTF-8"?>
<coverage generated="1778283056">
  <project timestamp="1778283056" name="Clover Coverage">
    <package name="Boundwize\StructArmed\Analyser">
      <file name="/Users/samsonasik/www/boundwize/structarmed/src/Analyser/Analyser.php">
        <class name="Boundwize\StructArmed\Analyser\Analyser" namespace="Boundwize\StructArmed\Analyser">
          <metrics complexity="52" methods="11" coveredmethods="11" conditionals="0" coveredconditionals="0" statements="124" coveredstatements="124" elements="135" coveredelements="135"/>
        </class>
        <line num="46" type="method" name="__construct" visibility="public" complexity="2" crap="2" count="24"/>
        <line num="48" type="stmt" count="24"/>
        <line num="54" type="method" name="analyse" visibility="public" complexity="16" crap="16" count="24"/>
        <line num="59" type="stmt" count="24"/>
        <line num="60" type="stmt" count="24"/>
        <line num="61" type="stmt" count="24"/>
        <line num="62" type="stmt" count="24"/>
        <line num="64" type="stmt" count="24"/>
        <line num="65" type="stmt" count="18"/>
        <line num="66" type="stmt" count="18"/>
        <line num="69" type="stmt" count="5"/>
        <line num="71" type="stmt" count="5"/>
        <line num="72" type="stmt" count="4"/>
        <line num="75" type="stmt" count="1"/>
        <line num="76" type="stmt" count="1"/>
        <line num="77" type="stmt" count="1"/>
        <line num="78" type="stmt" count="1"/>
        <line num="79" type="stmt" count="1"/>
        <line num="80" type="stmt" count="1"/>
        <line num="81" type="stmt" count="1"/>
        <line num="82" type="stmt" count="1"/>
        <line num="85" type="stmt" count="24"/>
        <line num="86" type="stmt" count="24"/>
        <line num="87" type="stmt" count="24"/>
        <line num="89" type="stmt" count="24"/>
        <line num="90" type="stmt" count="24"/>
        <line num="91" type="stmt" count="24"/>
        <line num="93" type="stmt" count="24"/>
        <line num="95" type="stmt" count="24"/>
        <line num="97" type="stmt" count="21"/>
        <line num="98" type="stmt" count="21"/>
        <line num="100" type="stmt" count="20"/>
        <line num="101" type="stmt" count="1"/>
        <line num="104" type="stmt" count="19"/>
        <line num="106" type="stmt" count="19"/>
        <line num="107" type="stmt" count="19"/>
        <line num="108" type="stmt" count="19"/>
        <line num="109" type="stmt" count="19"/>
        <line num="110" type="stmt" count="1"/>
        <line num="113" type="stmt" count="21"/>
        <line num="117" type="stmt" count="24"/>
        <line num="119" type="stmt" count="24"/>
        <line num="121" type="stmt" count="24"/>
        <line num="122" type="stmt" count="19"/>
        <line num="123" type="stmt" count="17"/>
        <line num="124" type="stmt" count="5"/>
        <line num="127" type="stmt" count="17"/>
        <line num="128" type="stmt" count="1"/>
        <line num="131" type="stmt" count="17"/>
        <line num="132" type="stmt" count="3"/>
        <line num="135" type="stmt" count="16"/>
        <line num="136" type="stmt" count="2"/>
        <line num="137" type="stmt" count="15"/>
        <line num="139" type="stmt" count="16"/>
        <line num="140" type="stmt" count="16"/>
        <line num="141" type="stmt" count="5"/>
        <line num="145" type="stmt" count="13"/>
        <line num="146" type="stmt" count="13"/>
        <line num="147" type="stmt" count="13"/>
        <line num="148" type="stmt" count="13"/>
        <line num="149" type="stmt" count="13"/>
        <line num="150" type="stmt" count="13"/>
        <line num="151" type="stmt" count="13"/>
        <line num="152" type="stmt" count="13"/>
        <line num="157" type="stmt" count="24"/>
        <line num="166" type="method" name="collectPhpFiles" visibility="private" complexity="6" crap="6" count="24"/>
        <line num="168" type="stmt" count="24"/>
        <line num="170" type="stmt" count="24"/>
        <line num="171" type="stmt" count="24"/>
        <line num="173" type="stmt" count="24"/>
        <line num="174" type="stmt" count="3"/>
        <line num="177" type="stmt" count="23"/>
        <line num="178" type="stmt" count="1"/>
        <line num="181" type="stmt" count="22"/>
        <line num="182" type="stmt" count="21"/>
        <line num="183" type="stmt" count="2"/>
        <line num="186" type="stmt" count="21"/>
        <line num="190" type="stmt" count="24"/>
        <line num="196" type="method" name="resolveLayers" visibility="private" complexity="4" crap="4" count="24"/>
        <line num="198" type="stmt" count="24"/>
        <line num="200" type="stmt" count="24"/>
        <line num="202" type="stmt" count="18"/>
        <line num="203" type="stmt" count="18"/>
        <line num="205" type="stmt" count="3"/>
        <line num="209" type="stmt" count="24"/>
        <line num="217" type="method" name="scanPaths" visibility="private" complexity="4" crap="4" count="24"/>
        <line num="219" type="stmt" count="24"/>
        <line num="220" type="stmt" count="6"/>
        <line num="223" type="stmt" count="18"/>
        <line num="225" type="stmt" count="18"/>
        <line num="226" type="stmt" count="18"/>
        <line num="227" type="stmt" count="18"/>
        <line num="231" type="stmt" count="18"/>
        <line num="237" type="method" name="isSkipped" visibility="private" complexity="4" crap="4" count="23"/>
        <line num="239" type="stmt" count="23"/>
        <line num="240" type="stmt" count="23"/>
        <line num="242" type="stmt" count="23"/>
        <line num="244" type="stmt" count="7"/>
        <line num="245" type="stmt" count="7"/>
        <line num="247" type="stmt" count="4"/>
        <line num="251" type="stmt" count="22"/>
        <line num="254" type="method" name="matchesSkipPath" visibility="private" complexity="6" crap="6" count="7"/>
        <line num="256" type="stmt" count="7"/>
        <line num="258" type="stmt" count="7"/>
        <line num="259" type="stmt" count="2"/>
        <line num="262" type="stmt" count="6"/>
        <line num="263" type="stmt" count="2"/>
        <line num="266" type="stmt" count="4"/>
        <line num="267" type="stmt" count="4"/>
        <line num="269" type="stmt" count="4"/>
        <line num="271" type="stmt" count="4"/>
        <line num="272" type="stmt" count="4"/>
        <line num="273" type="stmt" count="4"/>
        <line num="274" type="stmt" count="4"/>
        <line num="277" type="method" name="normaliseSkipPath" visibility="private" complexity="1" crap="1" count="7"/>
        <line num="279" type="stmt" count="7"/>
        <line num="282" type="method" name="relativePath" visibility="private" complexity="3" crap="3" count="23"/>
        <line num="284" type="stmt" count="23"/>
        <line num="286" type="stmt" count="23"/>
        <line num="287" type="stmt" count="1"/>
        <line num="290" type="stmt" count="23"/>
        <line num="291" type="stmt" count="23"/>
        <line num="294" type="stmt" count="1"/>
        <line num="297" type="method" name="normalisePath" visibility="private" complexity="2" crap="2" count="23"/>
        <line num="299" type="stmt" count="23"/>
        <line num="305" type="method" name="phpFiles" visibility="private" complexity="4" crap="4" count="22"/>
        <line num="307" type="stmt" count="22"/>
        <line num="308" type="stmt" count="22"/>
        <line num="309" type="stmt" count="22"/>
        <line num="310" type="stmt" count="22"/>
        <line num="313" type="stmt" count="22"/>
        <line num="314" type="stmt" count="22"/>
        <line num="316" type="stmt" count="22"/>
        <line num="317" type="stmt" count="21"/>
        <line num="321" type="stmt" count="22"/>
        <metrics loc="324" ncloc="298" classes="1" methods="11" coveredmethods="11" conditionals="0" coveredconditionals="0" statements="124" coveredstatements="124" elements="135" coveredelements="135"/>
      </file>
      <file name="/Users/samsonasik/www/boundwize/structarmed/src/Analyser/ClassCollector.php">
        <class name="Boundwize\StructArmed\Analyser\ClassCollector" namespace="Boundwize\StructArmed\Analyser">
          <metrics complexity="60" methods="16" coveredmethods="16" conditionals="0" coveredconditionals="0" statements="143" coveredstatements="143" elements="159" coveredelements="159"/>
        </class>
        <line num="74" type="method" name="__construct" visibility="public" complexity="1" crap="1" count="20"/>
        <line num="77" type="stmt" count="20"/>
        <line num="79" type="method" name="setCurrentFile" visibility="public" complexity="1" crap="1" count="20"/>
        <line num="81" type="stmt" count="20"/>
        <line num="82" type="stmt" count="20"/>
        <line num="83" type="stmt" count="20"/>
        <line num="84" type="stmt" count="20"/>
        <line num="88" type="method" name="getNodes" visibility="public" complexity="1" crap="1" count="20"/>
        <line num="90" type="stmt" count="20"/>
        <line num="93" type="method" name="enterNode" visibility="public" complexity="4" crap="4" count="20"/>
        <line num="95" type="stmt" count="20"/>
        <line num="96" type="stmt" count="2"/>
        <line num="99" type="stmt" count="20"/>
        <line num="100" type="stmt" count="1"/>
        <line num="103" type="stmt" count="20"/>
        <line num="106" type="method" name="leaveNode" visibility="public" complexity="3" crap="3" count="20"/>
        <line num="108" type="stmt" count="20"/>
        <line num="109" type="stmt" count="20"/>
        <line num="112" type="stmt" count="20"/>
        <line num="113" type="stmt" count="1"/>
        <line num="116" type="stmt" count="19"/>
        <line num="118" type="stmt" count="19"/>
        <line num="122" type="method" name="afterTraverse" visibility="public" complexity="2" crap="2" count="20"/>
        <line num="124" type="stmt" count="20"/>
        <line num="125" type="stmt" count="19"/>
        <line num="128" type="stmt" count="20"/>
        <line num="130" type="stmt" count="20"/>
        <line num="133" type="method" name="collectClassLike" visibility="private" complexity="6" crap="6" count="19"/>
        <line num="135" type="stmt" count="19"/>
        <line num="136" type="stmt" count="19"/>
        <line num="137" type="stmt" count="19"/>
        <line num="138" type="stmt" count="19"/>
        <line num="139" type="stmt" count="19"/>
        <line num="140" type="stmt" count="19"/>
        <line num="141" type="stmt" count="19"/>
        <line num="143" type="stmt" count="19"/>
        <line num="144" type="stmt" count="19"/>
        <line num="145" type="stmt" count="19"/>
        <line num="146" type="stmt" count="19"/>
        <line num="147" type="stmt" count="19"/>
        <line num="148" type="stmt" count="19"/>
        <line num="149" type="stmt" count="1"/>
        <line num="150" type="stmt" count="19"/>
        <line num="151" type="stmt" count="19"/>
        <line num="152" type="stmt" count="19"/>
        <line num="153" type="stmt" count="19"/>
        <line num="154" type="stmt" count="19"/>
        <line num="155" type="stmt" count="19"/>
        <line num="156" type="stmt" count="19"/>
        <line num="157" type="stmt" count="19"/>
        <line num="158" type="stmt" count="19"/>
        <line num="159" type="stmt" count="19"/>
        <line num="160" type="stmt" count="19"/>
        <line num="163" type="method" name="resolveClassName" visibility="private" complexity="2" crap="2" count="19"/>
        <line num="165" type="stmt" count="19"/>
        <line num="166" type="stmt" count="5"/>
        <line num="167" type="stmt" count="19"/>
        <line num="173" type="method" name="collectDependencies" visibility="private" complexity="2" crap="2" count="19"/>
        <line num="175" type="stmt" count="19"/>
        <line num="176" type="stmt" count="19"/>
        <line num="182" type="stmt" count="19"/>
        <line num="183" type="stmt" count="2"/>
        <line num="186" type="stmt" count="19"/>
        <line num="188" type="stmt" count="19"/>
        <line num="190" type="stmt" count="19"/>
        <line num="191" type="stmt" count="19"/>
        <line num="193" type="stmt" count="19"/>
        <line num="199" type="method" name="collectImplements" visibility="private" complexity="4" crap="4" count="19"/>
        <line num="201" type="stmt" count="19"/>
        <line num="203" type="stmt" count="19"/>
        <line num="204" type="stmt" count="17"/>
        <line num="205" type="stmt" count="2"/>
        <line num="209" type="stmt" count="19"/>
        <line num="215" type="method" name="collectMethods" visibility="private" complexity="2" crap="2" count="19"/>
        <line num="217" type="stmt" count="19"/>
        <line num="219" type="stmt" count="19"/>
        <line num="220" type="stmt" count="11"/>
        <line num="221" type="stmt" count="11"/>
        <line num="222" type="stmt" count="11"/>
        <line num="223" type="stmt" count="11"/>
        <line num="224" type="stmt" count="11"/>
        <line num="225" type="stmt" count="11"/>
        <line num="226" type="stmt" count="11"/>
        <line num="227" type="stmt" count="11"/>
        <line num="228" type="stmt" count="11"/>
        <line num="229" type="stmt" count="11"/>
        <line num="232" type="stmt" count="19"/>
        <line num="235" type="method" name="resolveVisibility" visibility="private" complexity="3" crap="3" count="11"/>
        <line num="237" type="stmt" count="11"/>
        <line num="238" type="stmt" count="10"/>
        <line num="241" type="stmt" count="1"/>
        <line num="242" type="stmt" count="1"/>
        <line num="245" type="stmt" count="1"/>
        <line num="248" type="method" name="calculateComplexity" visibility="private" complexity="16" crap="16" count="11"/>
        <line num="251" type="stmt" count="11"/>
        <line num="253" type="stmt" count="11"/>
        <line num="254" type="stmt" count="11"/>
        <line num="260" type="stmt" count="10"/>
        <line num="261" type="stmt" count="10"/>
        <line num="262" type="stmt" count="10"/>
        <line num="263" type="stmt" count="10"/>
        <line num="264" type="stmt" count="10"/>
        <line num="265" type="stmt" count="10"/>
        <line num="266" type="stmt" count="10"/>
        <line num="267" type="stmt" count="10"/>
        <line num="268" type="stmt" count="10"/>
        <line num="269" type="stmt" count="10"/>
        <line num="270" type="stmt" count="10"/>
        <line num="271" type="stmt" count="10"/>
        <line num="272" type="stmt" count="10"/>
        <line num="273" type="stmt" count="10"/>
        <line num="275" type="stmt" count="1"/>
        <line num="278" type="stmt" count="10"/>
        <line num="280" type="stmt" count="11"/>
        <line num="282" type="stmt" count="11"/>
        <line num="284" type="stmt" count="11"/>
        <line num="285" type="stmt" count="11"/>
        <line num="288" type="stmt" count="11"/>
        <line num="294" type="method" name="collectFunctionCalls" visibility="private" complexity="7" crap="7" count="19"/>
        <line num="296" type="stmt" count="19"/>
        <line num="297" type="stmt" count="19"/>
        <line num="309" type="stmt" count="19"/>
        <line num="314" type="stmt" count="19"/>
        <line num="315" type="stmt" count="19"/>
        <line num="317" type="stmt" count="5"/>
        <line num="320" type="stmt" count="19"/>
        <line num="325" type="stmt" count="5"/>
        <line num="326" type="stmt" count="1"/>
        <line num="329" type="stmt" count="4"/>
        <line num="330" type="stmt" count="4"/>
        <line num="331" type="stmt" count="2"/>
        <line num="334" type="stmt" count="2"/>
        <line num="336" type="stmt" count="2"/>
        <line num="337" type="stmt" count="2"/>
        <line num="339" type="stmt" count="1"/>
        <line num="342" type="stmt" count="1"/>
        <line num="344" type="stmt" count="19"/>
        <line num="346" type="stmt" count="19"/>
        <line num="347" type="stmt" count="19"/>
        <line num="349" type="stmt" count="19"/>
        <line num="355" type="method" name="internalFunctions" visibility="private" complexity="2" crap="2" count="19"/>
        <line num="357" type="stmt" count="19"/>
        <line num="358" type="stmt" count="19"/>
        <line num="360" type="stmt" count="19"/>
        <line num="361" type="stmt" count="19"/>
        <line num="364" type="stmt" count="19"/>
        <line num="370" type="method" name="collectSuperglobals" visibility="private" complexity="4" crap="4" count="19"/>
        <line num="372" type="stmt" count="19"/>
        <line num="373" type="stmt" count="19"/>
        <line num="383" type="stmt" count="19"/>
        <line num="384" type="stmt" count="19"/>
        <line num="385" type="stmt" count="19"/>
        <line num="387" type="stmt" count="1"/>
        <line num="390" type="stmt" count="19"/>
        <line num="392" type="stmt" count="19"/>
        <line num="394" type="stmt" count="19"/>
        <line num="396" type="stmt" count="19"/>
        <line num="397" type="stmt" count="19"/>
        <line num="399" type="stmt" count="19"/>
        <metrics loc="402" ncloc="369" classes="1" methods="16" coveredmethods="16" conditionals="0" coveredconditionals="0" statements="143" coveredstatements="143" elements="159" coveredelements="159"/>
      </file>
      <file name="/Users/samsonasik/www/boundwize/structarmed/src/Analyser/ClassNode.php">
        <class name="Boundwize\StructArmed\Analyser\ClassNode" namespace="Boundwize\StructArmed\Analyser">
          <metrics complexity="15" methods="11" coveredmethods="11" conditionals="0" coveredconditionals="0" statements="18" coveredstatements="18" elements="29" coveredelements="29"/>
        </class>
        <line num="23" type="method" name="__construct" visibility="public" complexity="1" crap="1" count="3"/>
        <line num="39" type="stmt" count="3"/>
        <line num="41" type="method" name="shortName" visibility="public" complexity="1" crap="1" count="1"/>
        <line num="43" type="stmt" count="1"/>
        <line num="45" type="stmt" count="1"/>
        <line num="48" type="method" name="isInLayer" visibility="public" complexity="1" crap="1" count="1"/>
        <line num="50" type="stmt" count="1"/>
        <line num="53" type="method" name="nameEndsWith" visibility="public" complexity="1" crap="1" count="1"/>
        <line num="55" type="stmt" count="1"/>
        <line num="58" type="method" name="nameStartsWith" visibility="public" complexity="1" crap="1" count="1"/>
        <line num="60" type="stmt" count="1"/>
        <line num="63" type="method" name="nameMatches" visibility="public" complexity="1" crap="1" count="1"/>
        <line num="65" type="stmt" count="1"/>
        <line num="68" type="method" name="dependsOn" visibility="public" complexity="3" crap="3" count="1"/>
        <line num="70" type="stmt" count="1"/>
        <line num="71" type="stmt" count="1"/>
        <line num="72" type="stmt" count="1"/>
        <line num="76" type="stmt" count="1"/>
        <line num="79" type="method" name="implementsInterface" visibility="public" complexity="1" crap="1" count="1"/>
        <line num="81" type="stmt" count="1"/>
        <line num="84" type="method" name="callsFunction" visibility="public" complexity="1" crap="1" count="1"/>
        <line num="86" type="stmt" count="1"/>
        <line num="89" type="method" name="accessesSuperglobals" visibility="public" complexity="1" crap="1" count="1"/>
        <line num="91" type="stmt" count="1"/>
        <line num="94" type="method" name="constructorParamCount" visibility="public" complexity="3" crap="3" count="1"/>
        <line num="96" type="stmt" count="1"/>
        <line num="97" type="stmt" count="1"/>
        <line num="98" type="stmt" count="1"/>
        <line num="102" type="stmt" count="1"/>
        <metrics loc="105" ncloc="98" classes="1" methods="11" coveredmethods="11" conditionals="0" coveredconditionals="0" statements="18" coveredstatements="18" elements="29" coveredelements="29"/>
      </file>
      <file name="/Users/samsonasik/www/boundwize/structarmed/src/Analyser/MethodNode.php">
        <class name="Boundwize\StructArmed\Analyser\MethodNode" namespace="Boundwize\StructArmed\Analyser">
          <metrics complexity="3" methods="3" coveredmethods="3" conditionals="0" coveredconditionals="0" statements="3" coveredstatements="3" elements="6" coveredelements="6"/>
        </class>
        <line num="9" type="method" name="__construct" visibility="public" complexity="1" crap="1" count="1"/>
        <line num="19" type="stmt" count="1"/>
        <line num="21" type="method" name="isPublic" visibility="public" complexity="1" crap="1" count="1"/>
        <line num="23" type="stmt" count="1"/>
        <line num="26" type="method" name="isConstructor" visibility="public" complexity="1" crap="1" count="1"/>
        <line num="28" type="stmt" count="1"/>
        <metrics loc="31" ncloc="30" classes="1" methods="3" coveredmethods="3" conditionals="0" coveredconditionals="0" statements="3" coveredstatements="3" elements="6" coveredelements="6"/>
      </file>
    </package>
    <package name="Boundwize\StructArmed">
      <file name="/Users/samsonasik/www/boundwize/structarmed/src/Architecture.php">
        <class name="Boundwize\StructArmed\Architecture" namespace="Boundwize\StructArmed">
          <metrics complexity="22" methods="15" coveredmethods="15" conditionals="0" coveredconditionals="0" statements="40" coveredstatements="40" elements="55" coveredelements="55"/>
        </class>
        <line num="52" type="method" name="__construct" visibility="private" complexity="1" crap="1" count="13"/>
        <line num="54" type="stmt" count="13"/>
        <line num="56" type="method" name="define" visibility="public" complexity="1" crap="1" count="13"/>
        <line num="58" type="stmt" count="13"/>
        <line num="68" type="method" name="layer" visibility="public" complexity="1" crap="1" count="6"/>
        <line num="70" type="stmt" count="6"/>
        <line num="72" type="stmt" count="6"/>
        <line num="75" type="method" name="skipPath" visibility="public" complexity="1" crap="1" count="1"/>
        <line num="77" type="stmt" count="1"/>
        <line num="83" type="method" name="skipPaths" visibility="public" complexity="1" crap="1" count="1"/>
        <line num="85" type="stmt" count="1"/>
        <line num="91" type="method" name="skip" visibility="public" complexity="5" crap="5" count="2"/>
        <line num="93" type="stmt" count="2"/>
        <line num="94" type="stmt" count="2"/>
        <line num="95" type="stmt" count="2"/>
        <line num="96" type="stmt" count="2"/>
        <line num="99" type="stmt" count="2"/>
        <line num="102" type="stmt" count="1"/>
        <line num="103" type="stmt" count="1"/>
        <line num="107" type="stmt" count="2"/>
        <line num="113" type="method" name="withPreset" visibility="public" complexity="1" crap="1" count="4"/>
        <line num="115" type="stmt" count="4"/>
        <line num="117" type="stmt" count="4"/>
        <line num="120" type="method" name="withPresets" visibility="public" complexity="2" crap="2" count="1"/>
        <line num="122" type="stmt" count="1"/>
        <line num="123" type="stmt" count="1"/>
        <line num="126" type="stmt" count="1"/>
        <line num="137" type="method" name="rule" visibility="public" complexity="1" crap="1" count="6"/>
        <line num="139" type="stmt" count="6"/>
        <line num="141" type="stmt" count="6"/>
        <line num="151" type="method" name="replaceRule" visibility="public" complexity="2" crap="2" count="2"/>
        <line num="153" type="stmt" count="2"/>
        <line num="154" type="stmt" count="1"/>
        <line num="155" type="stmt" count="1"/>
        <line num="156" type="stmt" count="1"/>
        <line num="157" type="stmt" count="1"/>
        <line num="158" type="stmt" count="1"/>
        <line num="161" type="stmt" count="1"/>
        <line num="163" type="stmt" count="1"/>
        <line num="172" type="method" name="withoutRule" visibility="public" complexity="2" crap="2" count="2"/>
        <line num="174" type="stmt" count="2"/>
        <line num="175" type="stmt" count="1"/>
        <line num="176" type="stmt" count="1"/>
        <line num="177" type="stmt" count="1"/>
        <line num="178" type="stmt" count="1"/>
        <line num="181" type="stmt" count="1"/>
        <line num="183" type="stmt" count="1"/>
        <line num="191" type="method" name="getLayers" visibility="public" complexity="1" crap="1" count="6"/>
        <line num="193" type="stmt" count="6"/>
        <line num="197" type="method" name="getRules" visibility="public" complexity="1" crap="1" count="6"/>
        <line num="199" type="stmt" count="6"/>
        <line num="203" type="method" name="getSkipPaths" visibility="public" complexity="1" crap="1" count="2"/>
        <line num="205" type="stmt" count="2"/>
        <line num="209" type="method" name="getRuleSkipPaths" visibility="public" complexity="1" crap="1" count="2"/>
        <line num="211" type="stmt" count="2"/>
        <metrics loc="214" ncloc="145" classes="1" methods="15" coveredmethods="15" conditionals="0" coveredconditionals="0" statements="40" coveredstatements="40" elements="55" coveredelements="55"/>
      </file>
    </package>
    <package name="Boundwize\StructArmed\Composer">
      <file name="/Users/samsonasik/www/boundwize/structarmed/src/Composer/Psr4PathResolver.php">
        <class name="Boundwize\StructArmed\Composer\Psr4PathResolver" namespace="Boundwize\StructArmed\Composer">
          <metrics complexity="28" methods="7" coveredmethods="7" conditionals="0" coveredconditionals="0" statements="56" coveredstatements="56" elements="63" coveredelements="63"/>
        </class>
        <line num="23" type="method" name="paths" visibility="public" complexity="2" crap="2" count="3"/>
        <line num="25" type="stmt" count="3"/>
        <line num="27" type="stmt" count="3"/>
        <line num="28" type="stmt" count="1"/>
        <line num="31" type="stmt" count="2"/>
        <line num="37" type="method" name="namespacePaths" visibility="public" complexity="6" crap="6" count="3"/>
        <line num="39" type="stmt" count="3"/>
        <line num="41" type="stmt" count="3"/>
        <line num="42" type="stmt" count="1"/>
        <line num="45" type="stmt" count="2"/>
        <line num="47" type="stmt" count="2"/>
        <line num="48" type="stmt" count="1"/>
        <line num="50" type="stmt" count="1"/>
        <line num="51" type="stmt" count="1"/>
        <line num="52" type="stmt" count="1"/>
        <line num="56" type="stmt" count="1"/>
        <line num="58" type="stmt" count="1"/>
        <line num="59" type="stmt" count="1"/>
        <line num="62" type="stmt" count="1"/>
        <line num="65" type="stmt" count="2"/>
        <line num="71" type="method" name="composerConfig" visibility="public" complexity="5" crap="5" count="5"/>
        <line num="73" type="stmt" count="5"/>
        <line num="75" type="stmt" count="5"/>
        <line num="76" type="stmt" count="1"/>
        <line num="79" type="stmt" count="4"/>
        <line num="81" type="stmt" count="4"/>
        <line num="82" type="stmt" count="1"/>
        <line num="85" type="stmt" count="3"/>
        <line num="87" type="stmt" count="3"/>
        <line num="88" type="stmt" count="3"/>
        <line num="89" type="stmt" count="1"/>
        <line num="92" type="stmt" count="2"/>
        <line num="95" type="stmt" count="2"/>
        <line num="102" type="method" name="psr4Paths" visibility="private" complexity="4" crap="4" count="2"/>
        <line num="104" type="stmt" count="2"/>
        <line num="106" type="stmt" count="2"/>
        <line num="107" type="stmt" count="1"/>
        <line num="108" type="stmt" count="1"/>
        <line num="109" type="stmt" count="1"/>
        <line num="114" type="stmt" count="2"/>
        <line num="121" type="method" name="psr4Mappings" visibility="private" complexity="6" crap="6" count="2"/>
        <line num="123" type="stmt" count="2"/>
        <line num="125" type="stmt" count="2"/>
        <line num="126" type="stmt" count="2"/>
        <line num="128" type="stmt" count="2"/>
        <line num="129" type="stmt" count="1"/>
        <line num="132" type="stmt" count="2"/>
        <line num="134" type="stmt" count="2"/>
        <line num="135" type="stmt" count="1"/>
        <line num="138" type="stmt" count="1"/>
        <line num="139" type="stmt" count="1"/>
        <line num="140" type="stmt" count="1"/>
        <line num="145" type="stmt" count="2"/>
        <line num="152" type="method" name="normalisePaths" visibility="private" complexity="3" crap="3" count="2"/>
        <line num="154" type="stmt" count="2"/>
        <line num="156" type="stmt" count="2"/>
        <line num="157" type="stmt" count="1"/>
        <line num="159" type="stmt" count="1"/>
        <line num="160" type="stmt" count="1"/>
        <line num="164" type="stmt" count="2"/>
        <line num="167" type="method" name="normaliseNamespace" visibility="private" complexity="2" crap="2" count="1"/>
        <line num="169" type="stmt" count="1"/>
        <line num="171" type="stmt" count="1"/>
        <metrics loc="174" ncloc="153" classes="1" methods="7" coveredmethods="7" conditionals="0" coveredconditionals="0" statements="56" coveredstatements="56" elements="63" coveredelements="63"/>
      </file>
    </package>
    <package name="Boundwize\StructArmed\Config">
      <file name="/Users/samsonasik/www/boundwize/structarmed/src/Config/ConfigLoader.php">
        <class name="Boundwize\StructArmed\Config\ConfigLoader" namespace="Boundwize\StructArmed\Config">
          <metrics complexity="6" methods="2" coveredmethods="2" conditionals="0" coveredconditionals="0" statements="25" coveredstatements="25" elements="27" coveredelements="27"/>
        </class>
        <line num="15" type="method" name="load" visibility="public" complexity="3" crap="3" count="3"/>
        <line num="17" type="stmt" count="3"/>
        <line num="18" type="stmt" count="1"/>
        <line num="19" type="stmt" count="1"/>
        <line num="20" type="stmt" count="1"/>
        <line num="21" type="stmt" count="1"/>
        <line num="22" type="stmt" count="1"/>
        <line num="25" type="stmt" count="2"/>
        <line num="27" type="stmt" count="2"/>
        <line num="28" type="stmt" count="1"/>
        <line num="29" type="stmt" count="1"/>
        <line num="30" type="stmt" count="1"/>
        <line num="31" type="stmt" count="1"/>
        <line num="32" type="stmt" count="1"/>
        <line num="35" type="stmt" count="1"/>
        <line num="38" type="method" name="discover" visibility="public" complexity="3" crap="3" count="3"/>
        <line num="40" type="stmt" count="3"/>
        <line num="41" type="stmt" count="3"/>
        <line num="42" type="stmt" count="3"/>
        <line num="43" type="stmt" count="3"/>
        <line num="45" type="stmt" count="3"/>
        <line num="46" type="stmt" count="3"/>
        <line num="47" type="stmt" count="2"/>
        <line num="51" type="stmt" count="1"/>
        <line num="52" type="stmt" count="1"/>
        <line num="53" type="stmt" count="1"/>
        <line num="54" type="stmt" count="1"/>
        <metrics loc="57" ncloc="57" classes="1" methods="2" coveredmethods="2" conditionals="0" coveredconditionals="0" statements="25" coveredstatements="25" elements="27" coveredelements="27"/>
      </file>
    </package>
    <package name="Boundwize\StructArmed\Exception">
      <file name="/Users/samsonasik/www/boundwize/structarmed/src/Exception/RuleNotFoundException.php">
        <class name="Boundwize\StructArmed\Exception\RuleNotFoundException" namespace="Boundwize\StructArmed\Exception">
          <metrics complexity="0" methods="0" coveredmethods="0" conditionals="0" coveredconditionals="0" statements="0" coveredstatements="0" elements="0" coveredelements="0"/>
        </class>
        <metrics loc="12" ncloc="12" classes="0" methods="0" coveredmethods="0" conditionals="0" coveredconditionals="0" statements="0" coveredstatements="0" elements="0" coveredelements="0"/>
      </file>
      <file name="/Users/samsonasik/www/boundwize/structarmed/src/Exception/ViolationsFoundException.php">
        <class name="Boundwize\StructArmed\Exception\ViolationsFoundException" namespace="Boundwize\StructArmed\Exception">
          <metrics complexity="0" methods="0" coveredmethods="0" conditionals="0" coveredconditionals="0" statements="0" coveredstatements="0" elements="0" coveredelements="0"/>
        </class>
        <metrics loc="12" ncloc="12" classes="0" methods="0" coveredmethods="0" conditionals="0" coveredconditionals="0" statements="0" coveredstatements="0" elements="0" coveredelements="0"/>
      </file>
    </package>
    <package name="Boundwize\StructArmed\LayerResolver">
      <file name="/Users/samsonasik/www/boundwize/structarmed/src/LayerResolver/ChainLayerResolver.php">
        <class name="Boundwize\StructArmed\LayerResolver\ChainLayerResolver" namespace="Boundwize\StructArmed\LayerResolver">
          <metrics complexity="4" methods="2" coveredmethods="2" conditionals="0" coveredconditionals="0" statements="6" coveredstatements="6" elements="8" coveredelements="8"/>
        </class>
        <line num="12" type="method" name="__construct" visibility="public" complexity="1" crap="1" count="2"/>
        <line num="14" type="stmt" count="2"/>
        <line num="17" type="method" name="resolve" visibility="public" complexity="3" crap="3" count="2"/>
        <line num="19" type="stmt" count="2"/>
        <line num="20" type="stmt" count="2"/>
        <line num="22" type="stmt" count="2"/>
        <line num="23" type="stmt" count="1"/>
        <line num="27" type="stmt" count="1"/>
        <metrics loc="30" ncloc="29" classes="1" methods="2" coveredmethods="2" conditionals="0" coveredconditionals="0" statements="6" coveredstatements="6" elements="8" coveredelements="8"/>
      </file>
    </package>
    <file name="/Users/samsonasik/www/boundwize/structarmed/src/LayerResolver/LayerResolverInterface.php">
      <metrics loc="15" ncloc="11" classes="0" methods="0" coveredmethods="0" conditionals="0" coveredconditionals="0" statements="0" coveredstatements="0" elements="0" coveredelements="0"/>
    </file>
    <package name="Boundwize\StructArmed\LayerResolver\Resolvers">
      <file name="/Users/samsonasik/www/boundwize/structarmed/src/LayerResolver/Resolvers/NamespaceLayerResolver.php">
        <class name="Boundwize\StructArmed\LayerResolver\Resolvers\NamespaceLayerResolver" namespace="Boundwize\StructArmed\LayerResolver\Resolvers">
          <metrics complexity="8" methods="3" coveredmethods="3" conditionals="0" coveredconditionals="0" statements="16" coveredstatements="16" elements="19" coveredelements="19"/>
        </class>
        <line num="30" type="method" name="__construct" visibility="public" complexity="1" crap="1" count="5"/>
        <line num="34" type="stmt" count="5"/>
        <line num="36" type="method" name="resolve" visibility="public" complexity="5" crap="5" count="5"/>
        <line num="38" type="stmt" count="5"/>
        <line num="39" type="stmt" count="5"/>
        <line num="40" type="stmt" count="5"/>
        <line num="42" type="stmt" count="5"/>
        <line num="43" type="stmt" count="5"/>
        <line num="44" type="stmt" count="5"/>
        <line num="45" type="stmt" count="5"/>
        <line num="46" type="stmt" count="5"/>
        <line num="48" type="stmt" count="5"/>
        <line num="49" type="stmt" count="3"/>
        <line num="51" type="stmt" count="3"/>
        <line num="52" type="stmt" count="3"/>
        <line num="53" type="stmt" count="3"/>
        <line num="59" type="stmt" count="5"/>
        <line num="62" type="method" name="normalisePath" visibility="private" complexity="2" crap="2" count="5"/>
        <line num="64" type="stmt" count="5"/>
        <metrics loc="67" ncloc="57" classes="1" methods="3" coveredmethods="3" conditionals="0" coveredconditionals="0" statements="16" coveredstatements="16" elements="19" coveredelements="19"/>
      </file>
      <file name="/Users/samsonasik/www/boundwize/structarmed/src/LayerResolver/Resolvers/PatternLayerResolver.php">
        <class name="Boundwize\StructArmed\LayerResolver\Resolvers\PatternLayerResolver" namespace="Boundwize\StructArmed\LayerResolver\Resolvers">
          <metrics complexity="5" methods="3" coveredmethods="3" conditionals="0" coveredconditionals="0" statements="8" coveredstatements="8" elements="11" coveredelements="11"/>
        </class>
        <line num="27" type="method" name="__construct" visibility="public" complexity="1" crap="1" count="3"/>
        <line num="30" type="stmt" count="3"/>
        <line num="32" type="method" name="resolve" visibility="public" complexity="3" crap="3" count="3"/>
        <line num="34" type="stmt" count="3"/>
        <line num="36" type="stmt" count="3"/>
        <line num="37" type="stmt" count="3"/>
        <line num="38" type="stmt" count="2"/>
        <line num="42" type="stmt" count="2"/>
        <line num="45" type="method" name="shortName" visibility="private" complexity="1" crap="1" count="3"/>
        <line num="47" type="stmt" count="3"/>
        <line num="49" type="stmt" count="3"/>
        <metrics loc="52" ncloc="40" classes="1" methods="3" coveredmethods="3" conditionals="0" coveredconditionals="0" statements="8" coveredstatements="8" elements="11" coveredelements="11"/>
      </file>
    </package>
    <package name="Boundwize\StructArmed\PHPUnit">
      <file name="/Users/samsonasik/www/boundwize/structarmed/src/PHPUnit/StructArmedExtension.php">
        <class name="Boundwize\StructArmed\PHPUnit\StructArmedExtension" namespace="Boundwize\StructArmed\PHPUnit">
          <metrics complexity="4" methods="1" coveredmethods="1" conditionals="0" coveredconditionals="0" statements="17" coveredstatements="17" elements="18" coveredelements="18"/>
        </class>
        <line num="22" type="method" name="bootstrap" visibility="public" complexity="4" crap="4" count="3"/>
        <line num="27" type="stmt" count="3"/>
        <line num="28" type="stmt" count="3"/>
        <line num="29" type="stmt" count="3"/>
        <line num="30" type="stmt" count="2"/>
        <line num="31" type="stmt" count="1"/>
        <line num="33" type="stmt" count="3"/>
        <line num="34" type="stmt" count="3"/>
        <line num="36" type="stmt" count="3"/>
        <line num="37" type="stmt" count="3"/>
        <line num="38" type="stmt" count="3"/>
        <line num="40" type="stmt" count="3"/>
        <line num="41" type="stmt" count="3"/>
        <line num="43" type="stmt" count="3"/>
        <line num="44" type="stmt" count="1"/>
        <line num="45" type="stmt" count="1"/>
        <line num="46" type="stmt" count="1"/>
        <line num="47" type="stmt" count="1"/>
        <metrics loc="51" ncloc="51" classes="1" methods="1" coveredmethods="1" conditionals="0" coveredconditionals="0" statements="17" coveredstatements="17" elements="18" coveredelements="18"/>
      </file>
    </package>
    <package name="Boundwize\StructArmed\Preset">
      <file name="/Users/samsonasik/www/boundwize/structarmed/src/Preset/Preset.php">
        <class name="Boundwize\StructArmed\Preset\Preset" namespace="Boundwize\StructArmed\Preset">
          <metrics complexity="3" methods="3" coveredmethods="3" conditionals="0" coveredconditionals="0" statements="16" coveredstatements="16" elements="19" coveredelements="19"/>
        </class>
        <line num="25" type="method" name="PSR4" visibility="public" complexity="1" crap="1" count="2"/>
        <line num="28" type="stmt" count="2"/>
        <line num="29" type="stmt" count="2"/>
        <line num="30" type="stmt" count="2"/>
        <line num="33" type="method" name="DDD" visibility="public" complexity="1" crap="1" count="3"/>
        <line num="40" type="stmt" count="3"/>
        <line num="41" type="stmt" count="3"/>
        <line num="42" type="stmt" count="3"/>
        <line num="43" type="stmt" count="3"/>
        <line num="44" type="stmt" count="3"/>
        <line num="45" type="stmt" count="3"/>
        <line num="46" type="stmt" count="3"/>
        <line num="49" type="method" name="MVC" visibility="public" complexity="1" crap="1" count="1"/>
        <line num="55" type="stmt" count="1"/>
        <line num="56" type="stmt" count="1"/>
        <line num="57" type="stmt" count="1"/>
        <line num="58" type="stmt" count="1"/>
        <line num="59" type="stmt" count="1"/>
        <line num="60" type="stmt" count="1"/>
        <metrics loc="63" ncloc="51" classes="1" methods="3" coveredmethods="3" conditionals="0" coveredconditionals="0" statements="16" coveredstatements="16" elements="19" coveredelements="19"/>
      </file>
    </package>
    <file name="/Users/samsonasik/www/boundwize/structarmed/src/Preset/PresetInterface.php">
      <metrics loc="16" ncloc="13" classes="0" methods="0" coveredmethods="0" conditionals="0" coveredconditionals="0" statements="0" coveredstatements="0" elements="0" coveredelements="0"/>
    </file>
    <package name="Boundwize\StructArmed\Preset\Presets">
      <file name="/Users/samsonasik/www/boundwize/structarmed/src/Preset/Presets/DddPreset.php">
        <class name="Boundwize\StructArmed\Preset\Presets\DddPreset" namespace="Boundwize\StructArmed\Preset\Presets">
          <metrics complexity="17" methods="10" coveredmethods="10" conditionals="0" coveredconditionals="0" statements="131" coveredstatements="131" elements="141" coveredelements="141"/>
        </class>
        <line num="69" type="method" name="__construct" visibility="public" complexity="1" crap="1" count="3"/>
        <line num="76" type="stmt" count="3"/>
        <line num="78" type="method" name="apply" visibility="public" complexity="1" crap="1" count="3"/>
        <line num="80" type="stmt" count="3"/>
        <line num="81" type="stmt" count="3"/>
        <line num="82" type="stmt" count="3"/>
        <line num="83" type="stmt" count="3"/>
        <line num="84" type="stmt" count="3"/>
        <line num="85" type="stmt" count="3"/>
        <line num="86" type="stmt" count="3"/>
        <line num="87" type="stmt" count="3"/>
        <line num="88" type="stmt" count="3"/>
        <line num="91" type="method" name="applyDefaultLayers" visibility="private" complexity="3" crap="3" count="3"/>
        <line num="93" type="stmt" count="3"/>
        <line num="94" type="stmt" count="3"/>
        <line num="95" type="stmt" count="3"/>
        <line num="96" type="stmt" count="3"/>
        <line num="97" type="stmt" count="3"/>
        <line num="98" type="stmt" count="3"/>
        <line num="100" type="stmt" count="3"/>
        <line num="101" type="stmt" count="3"/>
        <line num="102" type="stmt" count="1"/>
        <line num="105" type="stmt" count="3"/>
        <line num="108" type="stmt" count="3"/>
        <line num="111" type="method" name="applyLayerRules" visibility="private" complexity="1" crap="1" count="3"/>
        <line num="113" type="stmt" count="3"/>
        <line num="114" type="stmt" count="3"/>
        <line num="115" type="stmt" count="3"/>
        <line num="116" type="stmt" count="3"/>
        <line num="118" type="stmt" count="3"/>
        <line num="119" type="stmt" count="3"/>
        <line num="120" type="stmt" count="3"/>
        <line num="121" type="stmt" count="3"/>
        <line num="123" type="stmt" count="3"/>
        <line num="124" type="stmt" count="3"/>
        <line num="125" type="stmt" count="3"/>
        <line num="126" type="stmt" count="3"/>
        <line num="128" type="stmt" count="3"/>
        <line num="131" type="method" name="applyEntityRules" visibility="private" complexity="2" crap="2" count="3"/>
        <line num="133" type="stmt" count="3"/>
        <line num="134" type="stmt" count="2"/>
        <line num="135" type="stmt" count="2"/>
        <line num="136" type="stmt" count="2"/>
        <line num="137" type="stmt" count="2"/>
        <line num="140" type="stmt" count="3"/>
        <line num="141" type="stmt" count="3"/>
        <line num="142" type="stmt" count="3"/>
        <line num="143" type="stmt" count="3"/>
        <line num="145" type="stmt" count="3"/>
        <line num="148" type="method" name="applyValueObjectRules" visibility="private" complexity="2" crap="2" count="3"/>
        <line num="150" type="stmt" count="3"/>
        <line num="151" type="stmt" count="2"/>
        <line num="152" type="stmt" count="2"/>
        <line num="153" type="stmt" count="2"/>
        <line num="154" type="stmt" count="2"/>
        <line num="157" type="stmt" count="3"/>
        <line num="158" type="stmt" count="3"/>
        <line num="159" type="stmt" count="3"/>
        <line num="160" type="stmt" count="3"/>
        <line num="161" type="stmt" count="3"/>
        <line num="162" type="stmt" count="3"/>
        <line num="163" type="stmt" count="3"/>
        <line num="164" type="stmt" count="3"/>
        <line num="166" type="stmt" count="3"/>
        <line num="169" type="method" name="applyRepositoryRules" visibility="private" complexity="1" crap="1" count="3"/>
        <line num="171" type="stmt" count="3"/>
        <line num="172" type="stmt" count="3"/>
        <line num="173" type="stmt" count="3"/>
        <line num="174" type="stmt" count="3"/>
        <line num="176" type="stmt" count="3"/>
        <line num="177" type="stmt" count="3"/>
        <line num="178" type="stmt" count="3"/>
        <line num="179" type="stmt" count="3"/>
        <line num="180" type="stmt" count="3"/>
        <line num="181" type="stmt" count="3"/>
        <line num="182" type="stmt" count="3"/>
        <line num="183" type="stmt" count="3"/>
        <line num="185" type="stmt" count="3"/>
        <line num="188" type="method" name="applyServiceRules" visibility="private" complexity="1" crap="1" count="3"/>
        <line num="190" type="stmt" count="3"/>
        <line num="191" type="stmt" count="3"/>
        <line num="192" type="stmt" count="3"/>
        <line num="193" type="stmt" count="3"/>
        <line num="194" type="stmt" count="3"/>
        <line num="195" type="stmt" count="3"/>
        <line num="196" type="stmt" count="3"/>
        <line num="198" type="stmt" count="3"/>
        <line num="199" type="stmt" count="3"/>
        <line num="200" type="stmt" count="3"/>
        <line num="201" type="stmt" count="3"/>
        <line num="202" type="stmt" count="3"/>
        <line num="203" type="stmt" count="3"/>
        <line num="204" type="stmt" count="3"/>
        <line num="205" type="stmt" count="3"/>
        <line num="207" type="stmt" count="3"/>
        <line num="210" type="method" name="applyEventRules" visibility="private" complexity="2" crap="2" count="3"/>
        <line num="212" type="stmt" count="3"/>
        <line num="213" type="stmt" count="2"/>
        <line num="214" type="stmt" count="2"/>
        <line num="215" type="stmt" count="2"/>
        <line num="216" type="stmt" count="2"/>
        <line num="219" type="stmt" count="3"/>
        <line num="220" type="stmt" count="3"/>
        <line num="221" type="stmt" count="3"/>
        <line num="222" type="stmt" count="3"/>
        <line num="223" type="stmt" count="3"/>
        <line num="224" type="stmt" count="3"/>
        <line num="225" type="stmt" count="3"/>
        <line num="227" type="stmt" count="3"/>
        <line num="228" type="stmt" count="3"/>
        <line num="229" type="stmt" count="3"/>
        <line num="230" type="stmt" count="3"/>
        <line num="231" type="stmt" count="3"/>
        <line num="232" type="stmt" count="3"/>
        <line num="233" type="stmt" count="3"/>
        <line num="234" type="stmt" count="3"/>
        <line num="236" type="stmt" count="3"/>
        <line num="239" type="method" name="applySafetyRules" visibility="private" complexity="3" crap="3" count="3"/>
        <line num="241" type="stmt" count="3"/>
        <line num="242" type="stmt" count="3"/>
        <line num="243" type="stmt" count="3"/>
        <line num="244" type="stmt" count="3"/>
        <line num="246" type="stmt" count="3"/>
        <line num="247" type="stmt" count="3"/>
        <line num="248" type="stmt" count="3"/>
        <line num="249" type="stmt" count="3"/>
        <line num="251" type="stmt" count="3"/>
        <line num="252" type="stmt" count="3"/>
        <line num="253" type="stmt" count="3"/>
        <line num="254" type="stmt" count="3"/>
        <line num="255" type="stmt" count="3"/>
        <line num="257" type="stmt" count="3"/>
        <line num="258" type="stmt" count="3"/>
        <line num="259" type="stmt" count="3"/>
        <line num="260" type="stmt" count="3"/>
        <line num="262" type="stmt" count="3"/>
        <line num="263" type="stmt" count="3"/>
        <line num="264" type="stmt" count="3"/>
        <line num="265" type="stmt" count="3"/>
        <line num="266" type="stmt" count="3"/>
        <line num="270" type="stmt" count="3"/>
        <metrics loc="273" ncloc="263" classes="1" methods="10" coveredmethods="10" conditionals="0" coveredconditionals="0" statements="131" coveredstatements="131" elements="141" coveredelements="141"/>
      </file>
      <file name="/Users/samsonasik/www/boundwize/structarmed/src/Preset/Presets/MvcPreset.php">
        <class name="Boundwize\StructArmed\Preset\Presets\MvcPreset" namespace="Boundwize\StructArmed\Preset\Presets">
          <metrics complexity="10" methods="8" coveredmethods="8" conditionals="0" coveredconditionals="0" statements="140" coveredstatements="140" elements="148" coveredelements="148"/>
        </class>
        <line num="89" type="method" name="__construct" visibility="public" complexity="1" crap="1" count="1"/>
        <line num="95" type="stmt" count="1"/>
        <line num="97" type="method" name="apply" visibility="public" complexity="1" crap="1" count="1"/>
        <line num="99" type="stmt" count="1"/>
        <line num="100" type="stmt" count="1"/>
        <line num="101" type="stmt" count="1"/>
        <line num="102" type="stmt" count="1"/>
        <line num="103" type="stmt" count="1"/>
        <line num="104" type="stmt" count="1"/>
        <line num="105" type="stmt" count="1"/>
        <line num="108" type="method" name="applyLayerRules" visibility="private" complexity="1" crap="1" count="1"/>
        <line num="110" type="stmt" count="1"/>
        <line num="111" type="stmt" count="1"/>
        <line num="112" type="stmt" count="1"/>
        <line num="113" type="stmt" count="1"/>
        <line num="115" type="stmt" count="1"/>
        <line num="116" type="stmt" count="1"/>
        <line num="117" type="stmt" count="1"/>
        <line num="118" type="stmt" count="1"/>
        <line num="120" type="stmt" count="1"/>
        <line num="121" type="stmt" count="1"/>
        <line num="122" type="stmt" count="1"/>
        <line num="123" type="stmt" count="1"/>
        <line num="125" type="stmt" count="1"/>
        <line num="126" type="stmt" count="1"/>
        <line num="127" type="stmt" count="1"/>
        <line num="128" type="stmt" count="1"/>
        <line num="130" type="stmt" count="1"/>
        <line num="131" type="stmt" count="1"/>
        <line num="132" type="stmt" count="1"/>
        <line num="133" type="stmt" count="1"/>
        <line num="135" type="stmt" count="1"/>
        <line num="138" type="method" name="applyControllerRules" visibility="private" complexity="1" crap="1" count="1"/>
        <line num="140" type="stmt" count="1"/>
        <line num="141" type="stmt" count="1"/>
        <line num="142" type="stmt" count="1"/>
        <line num="143" type="stmt" count="1"/>
        <line num="145" type="stmt" count="1"/>
        <line num="146" type="stmt" count="1"/>
        <line num="147" type="stmt" count="1"/>
        <line num="148" type="stmt" count="1"/>
        <line num="149" type="stmt" count="1"/>
        <line num="150" type="stmt" count="1"/>
        <line num="151" type="stmt" count="1"/>
        <line num="153" type="stmt" count="1"/>
        <line num="154" type="stmt" count="1"/>
        <line num="155" type="stmt" count="1"/>
        <line num="156" type="stmt" count="1"/>
        <line num="157" type="stmt" count="1"/>
        <line num="158" type="stmt" count="1"/>
        <line num="159" type="stmt" count="1"/>
        <line num="161" type="stmt" count="1"/>
        <line num="162" type="stmt" count="1"/>
        <line num="163" type="stmt" count="1"/>
        <line num="164" type="stmt" count="1"/>
        <line num="165" type="stmt" count="1"/>
        <line num="166" type="stmt" count="1"/>
        <line num="167" type="stmt" count="1"/>
        <line num="169" type="stmt" count="1"/>
        <line num="170" type="stmt" count="1"/>
        <line num="171" type="stmt" count="1"/>
        <line num="172" type="stmt" count="1"/>
        <line num="174" type="stmt" count="1"/>
        <line num="175" type="stmt" count="1"/>
        <line num="176" type="stmt" count="1"/>
        <line num="177" type="stmt" count="1"/>
        <line num="179" type="stmt" count="1"/>
        <line num="180" type="stmt" count="1"/>
        <line num="181" type="stmt" count="1"/>
        <line num="182" type="stmt" count="1"/>
        <line num="184" type="stmt" count="1"/>
        <line num="187" type="method" name="applyModelRules" visibility="private" complexity="1" crap="1" count="1"/>
        <line num="189" type="stmt" count="1"/>
        <line num="190" type="stmt" count="1"/>
        <line num="191" type="stmt" count="1"/>
        <line num="192" type="stmt" count="1"/>
        <line num="194" type="stmt" count="1"/>
        <line num="195" type="stmt" count="1"/>
        <line num="196" type="stmt" count="1"/>
        <line num="197" type="stmt" count="1"/>
        <line num="199" type="stmt" count="1"/>
        <line num="200" type="stmt" count="1"/>
        <line num="201" type="stmt" count="1"/>
        <line num="202" type="stmt" count="1"/>
        <line num="204" type="stmt" count="1"/>
        <line num="205" type="stmt" count="1"/>
        <line num="206" type="stmt" count="1"/>
        <line num="207" type="stmt" count="1"/>
        <line num="209" type="stmt" count="1"/>
        <line num="210" type="stmt" count="1"/>
        <line num="211" type="stmt" count="1"/>
        <line num="212" type="stmt" count="1"/>
        <line num="214" type="stmt" count="1"/>
        <line num="215" type="stmt" count="1"/>
        <line num="216" type="stmt" count="1"/>
        <line num="217" type="stmt" count="1"/>
        <line num="219" type="stmt" count="1"/>
        <line num="222" type="method" name="applyViewRules" visibility="private" complexity="1" crap="1" count="1"/>
        <line num="224" type="stmt" count="1"/>
        <line num="225" type="stmt" count="1"/>
        <line num="226" type="stmt" count="1"/>
        <line num="227" type="stmt" count="1"/>
        <line num="228" type="stmt" count="1"/>
        <line num="229" type="stmt" count="1"/>
        <line num="230" type="stmt" count="1"/>
        <line num="232" type="stmt" count="1"/>
        <line num="233" type="stmt" count="1"/>
        <line num="234" type="stmt" count="1"/>
        <line num="235" type="stmt" count="1"/>
        <line num="237" type="stmt" count="1"/>
        <line num="238" type="stmt" count="1"/>
        <line num="239" type="stmt" count="1"/>
        <line num="240" type="stmt" count="1"/>
        <line num="242" type="stmt" count="1"/>
        <line num="243" type="stmt" count="1"/>
        <line num="244" type="stmt" count="1"/>
        <line num="245" type="stmt" count="1"/>
        <line num="247" type="stmt" count="1"/>
        <line num="250" type="method" name="applyServiceRules" visibility="private" complexity="1" crap="1" count="1"/>
        <line num="252" type="stmt" count="1"/>
        <line num="253" type="stmt" count="1"/>
        <line num="254" type="stmt" count="1"/>
        <line num="255" type="stmt" count="1"/>
        <line num="257" type="stmt" count="1"/>
        <line num="258" type="stmt" count="1"/>
        <line num="259" type="stmt" count="1"/>
        <line num="260" type="stmt" count="1"/>
        <line num="262" type="stmt" count="1"/>
        <line num="263" type="stmt" count="1"/>
        <line num="264" type="stmt" count="1"/>
        <line num="265" type="stmt" count="1"/>
        <line num="267" type="stmt" count="1"/>
        <line num="268" type="stmt" count="1"/>
        <line num="269" type="stmt" count="1"/>
        <line num="270" type="stmt" count="1"/>
        <line num="272" type="stmt" count="1"/>
        <line num="273" type="stmt" count="1"/>
        <line num="274" type="stmt" count="1"/>
        <line num="275" type="stmt" count="1"/>
        <line num="277" type="stmt" count="1"/>
        <line num="280" type="method" name="applySafetyRules" visibility="private" complexity="3" crap="3" count="1"/>
        <line num="282" type="stmt" count="1"/>
        <line num="283" type="stmt" count="1"/>
        <line num="284" type="stmt" count="1"/>
        <line num="285" type="stmt" count="1"/>
        <line num="286" type="stmt" count="1"/>
        <line num="287" type="stmt" count="1"/>
        <line num="291" type="stmt" count="1"/>
        <metrics loc="294" ncloc="286" classes="1" methods="8" coveredmethods="8" conditionals="0" coveredconditionals="0" statements="140" coveredstatements="140" elements="148" coveredelements="148"/>
      </file>
      <file name="/Users/samsonasik/www/boundwize/structarmed/src/Preset/Presets/Psr4Preset.php">
        <class name="Boundwize\StructArmed\Preset\Presets\Psr4Preset" namespace="Boundwize\StructArmed\Preset\Presets">
          <metrics complexity="2" methods="2" coveredmethods="2" conditionals="0" coveredconditionals="0" statements="10" coveredstatements="10" elements="12" coveredelements="12"/>
        </class>
        <line num="23" type="method" name="__construct" visibility="public" complexity="1" crap="1" count="2"/>
        <line num="26" type="stmt" count="2"/>
        <line num="28" type="method" name="apply" visibility="public" complexity="1" crap="1" count="2"/>
        <line num="30" type="stmt" count="2"/>
        <line num="31" type="stmt" count="2"/>
        <line num="32" type="stmt" count="2"/>
        <line num="33" type="stmt" count="2"/>
        <line num="34" type="stmt" count="2"/>
        <line num="35" type="stmt" count="2"/>
        <line num="36" type="stmt" count="2"/>
        <line num="37" type="stmt" count="2"/>
        <line num="38" type="stmt" count="2"/>
        <metrics loc="41" ncloc="38" classes="1" methods="2" coveredmethods="2" conditionals="0" coveredconditionals="0" statements="10" coveredstatements="10" elements="12" coveredelements="12"/>
      </file>
    </package>
    <package name="Boundwize\StructArmed\Progress">
      <file name="/Users/samsonasik/www/boundwize/structarmed/src/Progress/ConsoleProgressBar.php">
        <class name="Boundwize\StructArmed\Progress\ConsoleProgressBar" namespace="Boundwize\StructArmed\Progress">
          <metrics complexity="17" methods="8" coveredmethods="7" conditionals="0" coveredconditionals="0" statements="48" coveredstatements="47" elements="56" coveredelements="54"/>
        </class>
        <line num="39" type="method" name="__construct" visibility="public" complexity="1" crap="1" count="5"/>
        <line num="41" type="stmt" count="5"/>
        <line num="42" type="stmt" count="5"/>
        <line num="43" type="stmt" count="5"/>
        <line num="46" type="method" name="start" visibility="public" complexity="1" crap="1" count="5"/>
        <line num="48" type="stmt" count="5"/>
        <line num="49" type="stmt" count="5"/>
        <line num="51" type="stmt" count="5"/>
        <line num="54" type="method" name="advance" visibility="public" complexity="1" crap="1" count="5"/>
        <line num="56" type="stmt" count="5"/>
        <line num="58" type="stmt" count="5"/>
        <line num="61" type="method" name="finish" visibility="public" complexity="2" crap="2" count="5"/>
        <line num="63" type="stmt" count="5"/>
        <line num="64" type="stmt" count="4"/>
        <line num="65" type="stmt" count="4"/>
        <line num="68" type="stmt" count="5"/>
        <line num="69" type="stmt" count="5"/>
        <line num="72" type="method" name="render" visibility="private" complexity="4" crap="4" count="5"/>
        <line num="74" type="stmt" count="5"/>
        <line num="75" type="stmt" count="4"/>
        <line num="76" type="stmt" count="1"/>
        <line num="77" type="stmt" count="5"/>
        <line num="78" type="stmt" count="4"/>
        <line num="79" type="stmt" count="1"/>
        <line num="80" type="stmt" count="5"/>
        <line num="81" type="stmt" count="5"/>
        <line num="82" type="stmt" count="5"/>
        <line num="83" type="stmt" count="5"/>
        <line num="84" type="stmt" count="5"/>
        <line num="85" type="stmt" count="5"/>
        <line num="87" type="stmt" count="5"/>
        <line num="88" type="stmt" count="5"/>
        <line num="89" type="stmt" count="5"/>
        <line num="90" type="stmt" count="5"/>
        <line num="91" type="stmt" count="5"/>
        <line num="92" type="stmt" count="5"/>
        <line num="93" type="stmt" count="5"/>
        <line num="94" type="stmt" count="5"/>
        <line num="95" type="stmt" count="5"/>
        <line num="96" type="stmt" count="5"/>
        <line num="97" type="stmt" count="5"/>
        <line num="100" type="method" name="detectColorSupport" visibility="private" complexity="3" crap="3.07" count="3"/>
        <line num="102" type="stmt" count="3"/>
        <line num="103" type="stmt" count="2"/>
        <line num="106" type="stmt" count="1"/>
        <line num="107" type="stmt" count="1"/>
        <line num="110" type="stmt" count="0"/>
        <line num="113" type="method" name="color" visibility="private" complexity="3" crap="3" count="5"/>
        <line num="115" type="stmt" count="5"/>
        <line num="116" type="stmt" count="5"/>
        <line num="119" type="stmt" count="3"/>
        <line num="122" type="method" name="truncate" visibility="private" complexity="2" crap="2" count="5"/>
        <line num="124" type="stmt" count="5"/>
        <line num="126" type="stmt" count="5"/>
        <line num="127" type="stmt" count="4"/>
        <line num="130" type="stmt" count="1"/>
        <metrics loc="133" ncloc="129" classes="1" methods="8" coveredmethods="7" conditionals="0" coveredconditionals="0" statements="48" coveredstatements="47" elements="56" coveredelements="54"/>
      </file>
    </package>
    <file name="/Users/samsonasik/www/boundwize/structarmed/src/Progress/ProgressHandlerInterface.php">
      <metrics loc="15" ncloc="15" classes="0" methods="0" coveredmethods="0" conditionals="0" coveredconditionals="0" statements="0" coveredstatements="0" elements="0" coveredelements="0"/>
    </file>
    <file name="/Users/samsonasik/www/boundwize/structarmed/src/Report/ReportInterface.php">
      <metrics loc="13" ncloc="13" classes="0" methods="0" coveredmethods="0" conditionals="0" coveredconditionals="0" statements="0" coveredstatements="0" elements="0" coveredelements="0"/>
    </file>
    <package name="Boundwize\StructArmed\Report\Reports">
      <file name="/Users/samsonasik/www/boundwize/structarmed/src/Report/Reports/ConsoleReport.php">
        <class name="Boundwize\StructArmed\Report\Reports\ConsoleReport" namespace="Boundwize\StructArmed\Report\Reports">
          <metrics complexity="4" methods="1" coveredmethods="1" conditionals="0" coveredconditionals="0" statements="28" coveredstatements="28" elements="29" coveredelements="29"/>
        </class>
        <line num="18" type="method" name="render" visibility="public" complexity="4" crap="4" count="2"/>
        <line num="20" type="stmt" count="2"/>
        <line num="22" type="stmt" count="2"/>
        <line num="23" type="stmt" count="2"/>
        <line num="24" type="stmt" count="2"/>
        <line num="26" type="stmt" count="2"/>
        <line num="27" type="stmt" count="1"/>
        <line num="28" type="stmt" count="1"/>
        <line num="29" type="stmt" count="1"/>
        <line num="31" type="stmt" count="1"/>
        <line num="34" type="stmt" count="1"/>
        <line num="35" type="stmt" count="1"/>
        <line num="36" type="stmt" count="1"/>
        <line num="38" type="stmt" count="1"/>
        <line num="39" type="stmt" count="1"/>
        <line num="40" type="stmt" count="1"/>
        <line num="41" type="stmt" count="1"/>
        <line num="42" type="stmt" count="1"/>
        <line num="44" type="stmt" count="1"/>
        <line num="45" type="stmt" count="1"/>
        <line num="49" type="stmt" count="1"/>
        <line num="50" type="stmt" count="1"/>
        <line num="51" type="stmt" count="1"/>
        <line num="52" type="stmt" count="1"/>
        <line num="53" type="stmt" count="1"/>
        <line num="54" type="stmt" count="1"/>
        <line num="55" type="stmt" count="1"/>
        <line num="56" type="stmt" count="1"/>
        <line num="58" type="stmt" count="1"/>
        <metrics loc="61" ncloc="61" classes="1" methods="1" coveredmethods="1" conditionals="0" coveredconditionals="0" statements="28" coveredstatements="28" elements="29" coveredelements="29"/>
      </file>
      <file name="/Users/samsonasik/www/boundwize/structarmed/src/Report/Reports/JsonReport.php">
        <class name="Boundwize\StructArmed\Report\Reports\JsonReport" namespace="Boundwize\StructArmed\Report\Reports">
          <metrics complexity="1" methods="1" coveredmethods="1" conditionals="0" coveredconditionals="0" statements="6" coveredstatements="6" elements="7" coveredelements="7"/>
        </class>
        <line num="16" type="method" name="render" visibility="public" complexity="1" crap="1" count="1"/>
        <line num="18" type="stmt" count="1"/>
        <line num="19" type="stmt" count="1"/>
        <line num="20" type="stmt" count="1"/>
        <line num="21" type="stmt" count="1"/>
        <line num="22" type="stmt" count="1"/>
        <line num="23" type="stmt" count="1"/>
        <metrics loc="26" ncloc="26" classes="1" methods="1" coveredmethods="1" conditionals="0" coveredconditionals="0" statements="6" coveredstatements="6" elements="7" coveredelements="7"/>
      </file>
    </package>
    <file name="/Users/samsonasik/www/boundwize/structarmed/src/Rule/MultipleRuleViolationInterface.php">
      <metrics loc="16" ncloc="13" classes="0" methods="0" coveredmethods="0" conditionals="0" coveredconditionals="0" statements="0" coveredstatements="0" elements="0" coveredelements="0"/>
    </file>
    <file name="/Users/samsonasik/www/boundwize/structarmed/src/Rule/ProjectRuleInterface.php">
      <metrics loc="16" ncloc="13" classes="0" methods="0" coveredmethods="0" conditionals="0" coveredconditionals="0" statements="0" coveredstatements="0" elements="0" coveredelements="0"/>
    </file>
    <file name="/Users/samsonasik/www/boundwize/structarmed/src/Rule/RuleInterface.php">
      <metrics loc="23" ncloc="15" classes="0" methods="0" coveredmethods="0" conditionals="0" coveredconditionals="0" statements="0" coveredstatements="0" elements="0" coveredelements="0"/>
    </file>
    <package name="Boundwize\StructArmed\Rule">
      <file name="/Users/samsonasik/www/boundwize/structarmed/src/Rule/RuleViolation.php">
        <class name="Boundwize\StructArmed\Rule\RuleViolation" namespace="Boundwize\StructArmed\Rule">
          <metrics complexity="3" methods="3" coveredmethods="3" conditionals="0" coveredconditionals="0" statements="16" coveredstatements="16" elements="19" coveredelements="19"/>
        </class>
        <line num="11" type="method" name="__construct" visibility="public" complexity="1" crap="1" count="2"/>
        <line num="19" type="stmt" count="2"/>
        <line num="21" type="method" name="toString" visibility="public" complexity="1" crap="1" count="1"/>
        <line num="23" type="stmt" count="1"/>
        <line num="24" type="stmt" count="1"/>
        <line num="25" type="stmt" count="1"/>
        <line num="26" type="stmt" count="1"/>
        <line num="27" type="stmt" count="1"/>
        <line num="28" type="stmt" count="1"/>
        <line num="29" type="stmt" count="1"/>
        <line num="33" type="method" name="toArray" visibility="public" complexity="1" crap="1" count="2"/>
        <line num="35" type="stmt" count="2"/>
        <line num="36" type="stmt" count="2"/>
        <line num="37" type="stmt" count="2"/>
        <line num="38" type="stmt" count="2"/>
        <line num="39" type="stmt" count="2"/>
        <line num="40" type="stmt" count="2"/>
        <line num="41" type="stmt" count="2"/>
        <line num="42" type="stmt" count="2"/>
        <metrics loc="45" ncloc="44" classes="1" methods="3" coveredmethods="3" conditionals="0" coveredconditionals="0" statements="16" coveredstatements="16" elements="19" coveredelements="19"/>
      </file>
      <file name="/Users/samsonasik/www/boundwize/structarmed/src/Rule/RuleViolationCollection.php">
        <class name="Boundwize\StructArmed\Rule\RuleViolationCollection" namespace="Boundwize\StructArmed\Rule">
          <metrics complexity="11" methods="10" coveredmethods="10" conditionals="0" coveredconditionals="0" statements="24" coveredstatements="24" elements="34" coveredelements="34"/>
        </class>
        <line num="28" type="method" name="add" visibility="public" complexity="1" crap="1" count="1"/>
        <line num="30" type="stmt" count="1"/>
        <line num="33" type="method" name="merge" visibility="public" complexity="2" crap="2" count="1"/>
        <line num="35" type="stmt" count="1"/>
        <line num="36" type="stmt" count="1"/>
        <line num="40" type="method" name="isEmpty" visibility="public" complexity="1" crap="1" count="1"/>
        <line num="42" type="stmt" count="1"/>
        <line num="45" type="method" name="hasViolations" visibility="public" complexity="1" crap="1" count="1"/>
        <line num="47" type="stmt" count="1"/>
        <line num="50" type="method" name="count" visibility="public" complexity="1" crap="1" count="1"/>
        <line num="52" type="stmt" count="1"/>
        <line num="55" type="method" name="getIterator" visibility="public" complexity="1" crap="1" count="1"/>
        <line num="57" type="stmt" count="1"/>
        <line num="61" type="method" name="forLayer" visibility="public" complexity="1" crap="1" count="1"/>
        <line num="63" type="stmt" count="1"/>
        <line num="64" type="stmt" count="1"/>
        <line num="65" type="stmt" count="1"/>
        <line num="66" type="stmt" count="1"/>
        <line num="67" type="stmt" count="1"/>
        <line num="68" type="stmt" count="1"/>
        <line num="72" type="method" name="forRule" visibility="public" complexity="1" crap="1" count="1"/>
        <line num="74" type="stmt" count="1"/>
        <line num="75" type="stmt" count="1"/>
        <line num="76" type="stmt" count="1"/>
        <line num="77" type="stmt" count="1"/>
        <line num="78" type="stmt" count="1"/>
        <line num="79" type="stmt" count="1"/>
        <line num="83" type="method" name="toArray" visibility="public" complexity="1" crap="1" count="1"/>
        <line num="85" type="stmt" count="1"/>
        <line num="86" type="stmt" count="1"/>
        <line num="87" type="stmt" count="1"/>
        <line num="88" type="stmt" count="1"/>
        <line num="91" type="method" name="toJson" visibility="public" complexity="1" crap="1" count="1"/>
        <line num="93" type="stmt" count="1"/>
        <metrics loc="96" ncloc="89" classes="1" methods="10" coveredmethods="10" conditionals="0" coveredconditionals="0" statements="24" coveredstatements="24" elements="34" coveredelements="34"/>
      </file>
    </package>
    <package name="Boundwize\StructArmed\Rule\Rules\Class_">
      <file name="/Users/samsonasik/www/boundwize/structarmed/src/Rule/Rules/Class_/MaxDependencyCountRule.php">
        <class name="Boundwize\StructArmed\Rule\Rules\Class_\MaxDependencyCountRule" namespace="Boundwize\StructArmed\Rule\Rules\Class_">
          <metrics complexity="5" methods="3" coveredmethods="3" conditionals="0" coveredconditionals="0" statements="18" coveredstatements="18" elements="21" coveredelements="21"/>
        </class>
        <line num="15" type="method" name="__construct" visibility="public" complexity="1" crap="1" count="4"/>
        <line num="19" type="stmt" count="4"/>
        <line num="21" type="method" name="appliesTo" visibility="public" complexity="2" crap="2" count="1"/>
        <line num="23" type="stmt" count="1"/>
        <line num="26" type="method" name="evaluate" visibility="public" complexity="2" crap="2" count="3"/>
        <line num="28" type="stmt" count="3"/>
        <line num="30" type="stmt" count="3"/>
        <line num="31" type="stmt" count="2"/>
        <line num="34" type="stmt" count="1"/>
        <line num="35" type="stmt" count="1"/>
        <line num="36" type="stmt" count="1"/>
        <line num="37" type="stmt" count="1"/>
        <line num="38" type="stmt" count="1"/>
        <line num="39" type="stmt" count="1"/>
        <line num="40" type="stmt" count="1"/>
        <line num="41" type="stmt" count="1"/>
        <line num="42" type="stmt" count="1"/>
        <line num="43" type="stmt" count="1"/>
        <line num="44" type="stmt" count="1"/>
        <line num="45" type="stmt" count="1"/>
        <line num="46" type="stmt" count="1"/>
        <metrics loc="49" ncloc="49" classes="1" methods="3" coveredmethods="3" conditionals="0" coveredconditionals="0" statements="18" coveredstatements="18" elements="21" coveredelements="21"/>
      </file>
      <file name="/Users/samsonasik/www/boundwize/structarmed/src/Rule/Rules/Class_/MustBeFinalRule.php">
        <class name="Boundwize\StructArmed\Rule\Rules\Class_\MustBeFinalRule" namespace="Boundwize\StructArmed\Rule\Rules\Class_">
          <metrics complexity="7" methods="3" coveredmethods="3" conditionals="0" coveredconditionals="0" statements="21" coveredstatements="21" elements="24" coveredelements="24"/>
        </class>
        <line num="16" type="method" name="__construct" visibility="public" complexity="1" crap="1" count="7"/>
        <line num="20" type="stmt" count="7"/>
        <line num="22" type="method" name="appliesTo" visibility="public" complexity="4" crap="4" count="5"/>
        <line num="24" type="stmt" count="5"/>
        <line num="25" type="stmt" count="1"/>
        <line num="28" type="stmt" count="4"/>
        <line num="29" type="stmt" count="1"/>
        <line num="32" type="stmt" count="3"/>
        <line num="33" type="stmt" count="2"/>
        <line num="36" type="stmt" count="1"/>
        <line num="39" type="method" name="evaluate" visibility="public" complexity="2" crap="2" count="2"/>
        <line num="41" type="stmt" count="2"/>
        <line num="42" type="stmt" count="1"/>
        <line num="45" type="stmt" count="1"/>
        <line num="46" type="stmt" count="1"/>
        <line num="47" type="stmt" count="1"/>
        <line num="48" type="stmt" count="1"/>
        <line num="49" type="stmt" count="1"/>
        <line num="50" type="stmt" count="1"/>
        <line num="51" type="stmt" count="1"/>
        <line num="52" type="stmt" count="1"/>
        <line num="53" type="stmt" count="1"/>
        <line num="54" type="stmt" count="1"/>
        <line num="55" type="stmt" count="1"/>
        <metrics loc="58" ncloc="58" classes="1" methods="3" coveredmethods="3" conditionals="0" coveredconditionals="0" statements="21" coveredstatements="21" elements="24" coveredelements="24"/>
      </file>
      <file name="/Users/samsonasik/www/boundwize/structarmed/src/Rule/Rules/Class_/MustBeInterfaceRule.php">
        <class name="Boundwize\StructArmed\Rule\Rules\Class_\MustBeInterfaceRule" namespace="Boundwize\StructArmed\Rule\Rules\Class_">
          <metrics complexity="6" methods="3" coveredmethods="3" conditionals="0" coveredconditionals="0" statements="19" coveredstatements="19" elements="22" coveredelements="22"/>
        </class>
        <line num="16" type="method" name="__construct" visibility="public" complexity="1" crap="1" count="6"/>
        <line num="20" type="stmt" count="6"/>
        <line num="22" type="method" name="appliesTo" visibility="public" complexity="3" crap="3" count="4"/>
        <line num="24" type="stmt" count="4"/>
        <line num="25" type="stmt" count="1"/>
        <line num="28" type="stmt" count="3"/>
        <line num="29" type="stmt" count="2"/>
        <line num="32" type="stmt" count="1"/>
        <line num="35" type="method" name="evaluate" visibility="public" complexity="2" crap="2" count="2"/>
        <line num="37" type="stmt" count="2"/>
        <line num="38" type="stmt" count="1"/>
        <line num="41" type="stmt" count="1"/>
        <line num="42" type="stmt" count="1"/>
        <line num="43" type="stmt" count="1"/>
        <line num="44" type="stmt" count="1"/>
        <line num="45" type="stmt" count="1"/>
        <line num="46" type="stmt" count="1"/>
        <line num="47" type="stmt" count="1"/>
        <line num="48" type="stmt" count="1"/>
        <line num="49" type="stmt" count="1"/>
        <line num="50" type="stmt" count="1"/>
        <line num="51" type="stmt" count="1"/>
        <metrics loc="54" ncloc="54" classes="1" methods="3" coveredmethods="3" conditionals="0" coveredconditionals="0" statements="19" coveredstatements="19" elements="22" coveredelements="22"/>
      </file>
      <file name="/Users/samsonasik/www/boundwize/structarmed/src/Rule/Rules/Class_/NamingConventionRule.php">
        <class name="Boundwize\StructArmed\Rule\Rules\Class_\NamingConventionRule" namespace="Boundwize\StructArmed\Rule\Rules\Class_">
          <metrics complexity="8" methods="3" coveredmethods="3" conditionals="0" coveredconditionals="0" statements="23" coveredstatements="23" elements="26" coveredelements="26"/>
        </class>
        <line num="16" type="method" name="__construct" visibility="public" complexity="1" crap="1" count="5"/>
        <line num="22" type="stmt" count="5"/>
        <line num="24" type="method" name="appliesTo" visibility="public" complexity="5" crap="5" count="3"/>
        <line num="26" type="stmt" count="3"/>
        <line num="27" type="stmt" count="1"/>
        <line num="31" type="stmt" count="2"/>
        <line num="32" type="stmt" count="2"/>
        <line num="34" type="stmt" count="1"/>
        <line num="37" type="stmt" count="1"/>
        <line num="40" type="method" name="evaluate" visibility="public" complexity="2" crap="2" count="2"/>
        <line num="42" type="stmt" count="2"/>
        <line num="43" type="stmt" count="1"/>
        <line num="46" type="stmt" count="1"/>
        <line num="47" type="stmt" count="1"/>
        <line num="48" type="stmt" count="1"/>
        <line num="49" type="stmt" count="1"/>
        <line num="50" type="stmt" count="1"/>
        <line num="51" type="stmt" count="1"/>
        <line num="52" type="stmt" count="1"/>
        <line num="53" type="stmt" count="1"/>
        <line num="54" type="stmt" count="1"/>
        <line num="55" type="stmt" count="1"/>
        <line num="56" type="stmt" count="1"/>
        <line num="57" type="stmt" count="1"/>
        <line num="58" type="stmt" count="1"/>
        <line num="59" type="stmt" count="1"/>
[...]
        <line num="60" type="stmt" count="1"/>
        <line num="63" type="method" name="expectedClassName" visibility="private" complexity="6" crap="6" count="8"/>
        <line num="65" type="stmt" count="8"/>
        <line num="67" type="stmt" count="8"/>
        <line num="68" type="stmt" count="2"/>
        <line num="71" type="stmt" count="6"/>
        <line num="73" type="stmt" count="6"/>
        <line num="74" type="stmt" count="6"/>
        <line num="75" type="stmt" count="6"/>
        <line num="77" type="stmt" count="6"/>
        <line num="78" type="stmt" count="1"/>
        <line num="81" type="stmt" count="5"/>
        <line num="83" type="stmt" count="5"/>
        <line num="84" type="stmt" count="1"/>
        <line num="87" type="stmt" count="4"/>
        <line num="88" type="stmt" count="4"/>
        <line num="89" type="stmt" count="4"/>
        <line num="91" type="stmt" count="4"/>
        <line num="95" type="stmt" count="2"/>
        <line num="98" type="method" name="basePathFor" visibility="private" complexity="5" crap="5" count="8"/>
        <line num="100" type="stmt" count="8"/>
        <line num="102" type="stmt" count="8"/>
        <line num="103" type="stmt" count="7"/>
        <line num="104" type="stmt" count="6"/>
        <line num="107" type="stmt" count="7"/>
        <line num="109" type="stmt" count="7"/>
        <line num="110" type="stmt" count="1"/>
        <line num="113" type="stmt" count="7"/>
        <line num="116" type="stmt" count="1"/>
        <line num="122" type="method" name="mappingsFor" visibility="private" complexity="2" crap="2" count="6"/>
        <line num="124" type="stmt" count="6"/>
        <line num="125" type="stmt" count="6"/>
        <line num="128" type="stmt" count="6"/>
        <line num="131" type="method" name="normalisePath" visibility="private" complexity="2" crap="2" count="8"/>
        <line num="133" type="stmt" count="8"/>
        <line num="134" type="stmt" count="8"/>
        <line num="135" type="stmt" count="8"/>
        <line num="137" type="stmt" count="8"/>
        <metrics loc="140" ncloc="136" classes="1" methods="7" coveredmethods="7" conditionals="0" coveredconditionals="0" statements="50" coveredstatements="50" elements="57" coveredelements="57"/>
      </file>
      <file name="/Users/samsonasik/www/boundwize/structarmed/src/Rule/Rules/Composer/Psr4SourcePathsRule.php">
        <class name="Boundwize\StructArmed\Rule\Rules\Composer\Psr4SourcePathsRule" namespace="Boundwize\StructArmed\Rule\Rules\Composer">
          <metrics complexity="12" methods="5" coveredmethods="5" conditionals="0" coveredconditionals="0" statements="44" coveredstatements="44" elements="49" coveredelements="49"/>
        </class>
        <line num="26" type="method" name="__construct" visibility="public" complexity="1" crap="1" count="8"/>
        <line num="30" type="stmt" count="8"/>
        <line num="35" type="method" name="sourcePathsFor" visibility="public" complexity="2" crap="2" count="2"/>
        <line num="37" type="stmt" count="2"/>
        <line num="38" type="stmt" count="1"/>
        <line num="41" type="stmt" count="1"/>
        <line num="44" type="method" name="evaluateProject" visibility="public" complexity="7" crap="7" count="7"/>
        <line num="46" type="stmt" count="7"/>
        <line num="48" type="stmt" count="7"/>
        <line num="49" type="stmt" count="1"/>
        <line num="50" type="stmt" count="1"/>
        <line num="51" type="stmt" count="1"/>
        <line num="52" type="stmt" count="1"/>
        <line num="55" type="stmt" count="6"/>
        <line num="57" type="stmt" count="6"/>
        <line num="58" type="stmt" count="1"/>
        <line num="59" type="stmt" count="1"/>
        <line num="60" type="stmt" count="1"/>
        <line num="61" type="stmt" count="1"/>
        <line num="64" type="stmt" count="5"/>
        <line num="65" type="stmt" count="1"/>
        <line num="68" type="stmt" count="4"/>
        <line num="69" type="stmt" count="4"/>
        <line num="71" type="stmt" count="4"/>
        <line num="72" type="stmt" count="4"/>
        <line num="73" type="stmt" count="1"/>
        <line num="77" type="stmt" count="4"/>
        <line num="78" type="stmt" count="3"/>
        <line num="81" type="stmt" count="1"/>
        <line num="82" type="stmt" count="1"/>
        <line num="83" type="stmt" count="1"/>
        <line num="84" type="stmt" count="1"/>
        <line num="85" type="stmt" count="1"/>
        <line num="86" type="stmt" count="1"/>
        <line num="87" type="stmt" count="1"/>
        <line num="94" type="method" name="normalisePaths" visibility="private" complexity="1" crap="1" count="5"/>
        <line num="96" type="stmt" count="5"/>
        <line num="97" type="stmt" count="5"/>
        <line num="98" type="stmt" count="5"/>
        <line num="99" type="stmt" count="5"/>
        <line num="102" type="method" name="violation" visibility="private" complexity="1" crap="1" count="3"/>
        <line num="104" type="stmt" count="3"/>
        <line num="105" type="stmt" count="3"/>
        <line num="106" type="stmt" count="3"/>
        <line num="107" type="stmt" count="3"/>
        <line num="108" type="stmt" count="3"/>
        <line num="109" type="stmt" count="3"/>
        <line num="110" type="stmt" count="3"/>
        <line num="111" type="stmt" count="3"/>
        <metrics loc="114" ncloc="104" classes="1" methods="5" coveredmethods="5" conditionals="0" coveredconditionals="0" statements="44" coveredstatements="44" elements="49" coveredelements="49"/>
      </file>
    </package>
    <package name="Boundwize\StructArmed\Rule\Rules\Layer">
      <file name="/Users/samsonasik/www/boundwize/structarmed/src/Rule/Rules/Layer/MayNotDependOnRule.php">
        <class name="Boundwize\StructArmed\Rule\Rules\Layer\MayNotDependOnRule" namespace="Boundwize\StructArmed\Rule\Rules\Layer">
          <metrics complexity="6" methods="3" coveredmethods="3" conditionals="0" coveredconditionals="0" statements="22" coveredstatements="22" elements="25" coveredelements="25"/>
        </class>
        <line num="18" type="method" name="__construct" visibility="public" complexity="1" crap="1" count="4"/>
        <line num="23" type="stmt" count="4"/>
        <line num="25" type="method" name="appliesTo" visibility="public" complexity="1" crap="1" count="2"/>
        <line num="27" type="stmt" count="2"/>
        <line num="30" type="method" name="evaluate" visibility="public" complexity="4" crap="4" count="2"/>
        <line num="32" type="stmt" count="2"/>
        <line num="33" type="stmt" count="2"/>
        <line num="34" type="stmt" count="2"/>
        <line num="37" type="stmt" count="2"/>
        <line num="38" type="stmt" count="2"/>
        <line num="40" type="stmt" count="1"/>
        <line num="41" type="stmt" count="1"/>
        <line num="42" type="stmt" count="1"/>
        <line num="43" type="stmt" count="1"/>
        <line num="44" type="stmt" count="1"/>
        <line num="45" type="stmt" count="1"/>
        <line num="46" type="stmt" count="1"/>
        <line num="47" type="stmt" count="1"/>
        <line num="48" type="stmt" count="1"/>
        <line num="49" type="stmt" count="1"/>
        <line num="50" type="stmt" count="1"/>
        <line num="51" type="stmt" count="1"/>
        <line num="52" type="stmt" count="1"/>
        <line num="53" type="stmt" count="1"/>
        <line num="57" type="stmt" count="1"/>
        <metrics loc="60" ncloc="60" classes="1" methods="3" coveredmethods="3" conditionals="0" coveredconditionals="0" statements="22" coveredstatements="22" elements="25" coveredelements="25"/>
      </file>
    </package>
    <package name="Boundwize\StructArmed\Rule\Rules\Method">
      <file name="/Users/samsonasik/www/boundwize/structarmed/src/Rule/Rules/Method/MaxCyclomaticComplexityRule.php">
        <class name="Boundwize\StructArmed\Rule\Rules\Method\MaxCyclomaticComplexityRule" namespace="Boundwize\StructArmed\Rule\Rules\Method">
          <metrics complexity="7" methods="4" coveredmethods="4" conditionals="0" coveredconditionals="0" statements="21" coveredstatements="21" elements="25" coveredelements="25"/>
        </class>
        <line num="16" type="method" name="__construct" visibility="public" complexity="1" crap="1" count="4"/>
        <line num="20" type="stmt" count="4"/>
        <line num="22" type="method" name="appliesTo" visibility="public" complexity="1" crap="1" count="1"/>
        <line num="24" type="stmt" count="1"/>
        <line num="27" type="method" name="evaluate" visibility="public" complexity="1" crap="1" count="3"/>
        <line num="29" type="stmt" count="3"/>
        <line num="35" type="method" name="evaluateAll" visibility="public" complexity="4" crap="4" count="3"/>
        <line num="37" type="stmt" count="3"/>
        <line num="39" type="stmt" count="3"/>
        <line num="40" type="stmt" count="3"/>
        <line num="41" type="stmt" count="1"/>
        <line num="42" type="stmt" count="1"/>
        <line num="43" type="stmt" count="1"/>
        <line num="44" type="stmt" count="1"/>
        <line num="45" type="stmt" count="1"/>
        <line num="46" type="stmt" count="1"/>
        <line num="47" type="stmt" count="1"/>
        <line num="48" type="stmt" count="1"/>
        <line num="49" type="stmt" count="1"/>
        <line num="50" type="stmt" count="1"/>
        <line num="51" type="stmt" count="1"/>
        <line num="52" type="stmt" count="1"/>
        <line num="53" type="stmt" count="1"/>
        <line num="54" type="stmt" count="1"/>
        <line num="58" type="stmt" count="3"/>
        <metrics loc="61" ncloc="58" classes="1" methods="4" coveredmethods="4" conditionals="0" coveredconditionals="0" statements="21" coveredstatements="21" elements="25" coveredelements="25"/>
      </file>
      <file name="/Users/samsonasik/www/boundwize/structarmed/src/Rule/Rules/Method/MaxMethodLengthRule.php">
        <class name="Boundwize\StructArmed\Rule\Rules\Method\MaxMethodLengthRule" namespace="Boundwize\StructArmed\Rule\Rules\Method">
          <metrics complexity="7" methods="4" coveredmethods="4" conditionals="0" coveredconditionals="0" statements="21" coveredstatements="21" elements="25" coveredelements="25"/>
        </class>
        <line num="16" type="method" name="__construct" visibility="public" complexity="1" crap="1" count="5"/>
        <line num="20" type="stmt" count="5"/>
        <line num="22" type="method" name="appliesTo" visibility="public" complexity="1" crap="1" count="1"/>
        <line num="24" type="stmt" count="1"/>
        <line num="27" type="method" name="evaluate" visibility="public" complexity="1" crap="1" count="3"/>
        <line num="29" type="stmt" count="3"/>
        <line num="35" type="method" name="evaluateAll" visibility="public" complexity="4" crap="4" count="4"/>
        <line num="37" type="stmt" count="4"/>
        <line num="39" type="stmt" count="4"/>
        <line num="40" type="stmt" count="4"/>
        <line num="41" type="stmt" count="2"/>
        <line num="42" type="stmt" count="2"/>
        <line num="43" type="stmt" count="2"/>
        <line num="44" type="stmt" count="2"/>
        <line num="45" type="stmt" count="2"/>
        <line num="46" type="stmt" count="2"/>
        <line num="47" type="stmt" count="2"/>
        <line num="48" type="stmt" count="2"/>
        <line num="49" type="stmt" count="2"/>
        <line num="50" type="stmt" count="2"/>
        <line num="51" type="stmt" count="2"/>
        <line num="52" type="stmt" count="2"/>
        <line num="53" type="stmt" count="2"/>
        <line num="54" type="stmt" count="2"/>
        <line num="58" type="stmt" count="4"/>
        <metrics loc="61" ncloc="58" classes="1" methods="4" coveredmethods="4" conditionals="0" coveredconditionals="0" statements="21" coveredstatements="21" elements="25" coveredelements="25"/>
      </file>
      <file name="/Users/samsonasik/www/boundwize/structarmed/src/Rule/Rules/Method/MustHaveReturnTypeRule.php">
        <class name="Boundwize\StructArmed\Rule\Rules\Method\MustHaveReturnTypeRule" namespace="Boundwize\StructArmed\Rule\Rules\Method">
          <metrics complexity="11" methods="4" coveredmethods="4" conditionals="0" coveredconditionals="0" statements="25" coveredstatements="25" elements="29" coveredelements="29"/>
        </class>
        <line num="17" type="method" name="__construct" visibility="public" complexity="1" crap="1" count="8"/>
        <line num="21" type="stmt" count="8"/>
        <line num="23" type="method" name="appliesTo" visibility="public" complexity="3" crap="3" count="3"/>
        <line num="25" type="stmt" count="3"/>
        <line num="26" type="stmt" count="1"/>
        <line num="29" type="stmt" count="2"/>
        <line num="30" type="stmt" count="1"/>
        <line num="33" type="stmt" count="1"/>
        <line num="36" type="method" name="evaluate" visibility="public" complexity="1" crap="1" count="5"/>
        <line num="38" type="stmt" count="5"/>
        <line num="44" type="method" name="evaluateAll" visibility="public" complexity="6" crap="6" count="5"/>
        <line num="46" type="stmt" count="5"/>
        <line num="48" type="stmt" count="5"/>
        <line num="49" type="stmt" count="5"/>
        <line num="50" type="stmt" count="3"/>
        <line num="53" type="stmt" count="2"/>
        <line num="54" type="stmt" count="1"/>
        <line num="55" type="stmt" count="1"/>
        <line num="56" type="stmt" count="1"/>
        <line num="57" type="stmt" count="1"/>
        <line num="58" type="stmt" count="1"/>
        <line num="59" type="stmt" count="1"/>
        <line num="60" type="stmt" count="1"/>
        <line num="61" type="stmt" count="1"/>
        <line num="62" type="stmt" count="1"/>
        <line num="63" type="stmt" count="1"/>
        <line num="64" type="stmt" count="1"/>
        <line num="65" type="stmt" count="1"/>
        <line num="69" type="stmt" count="5"/>
        <metrics loc="72" ncloc="69" classes="1" methods="4" coveredmethods="4" conditionals="0" coveredconditionals="0" statements="25" coveredstatements="25" elements="29" coveredelements="29"/>
      </file>
    </package>
    <package name="Boundwize\StructArmed\Rule\Rules\Usage">
      <file name="/Users/samsonasik/www/boundwize/structarmed/src/Rule/Rules/Usage/MayNotCallFunctionRule.php">
        <class name="Boundwize\StructArmed\Rule\Rules\Usage\MayNotCallFunctionRule" namespace="Boundwize\StructArmed\Rule\Rules\Usage">
          <metrics complexity="4" methods="3" coveredmethods="3" conditionals="0" coveredconditionals="0" statements="16" coveredstatements="16" elements="19" coveredelements="19"/>
        </class>
        <line num="15" type="method" name="__construct" visibility="public" complexity="1" crap="1" count="5"/>
        <line num="19" type="stmt" count="5"/>
        <line num="21" type="method" name="appliesTo" visibility="public" complexity="1" crap="1" count="2"/>
        <line num="23" type="stmt" count="2"/>
        <line num="26" type="method" name="evaluate" visibility="public" complexity="2" crap="2" count="3"/>
        <line num="28" type="stmt" count="3"/>
        <line num="29" type="stmt" count="1"/>
        <line num="32" type="stmt" count="2"/>
        <line num="33" type="stmt" count="2"/>
        <line num="34" type="stmt" count="2"/>
        <line num="35" type="stmt" count="2"/>
        <line num="36" type="stmt" count="2"/>
        <line num="37" type="stmt" count="2"/>
        <line num="38" type="stmt" count="2"/>
        <line num="39" type="stmt" count="2"/>
        <line num="40" type="stmt" count="2"/>
        <line num="41" type="stmt" count="2"/>
        <line num="42" type="stmt" count="2"/>
        <line num="43" type="stmt" count="2"/>
        <metrics loc="46" ncloc="46" classes="1" methods="3" coveredmethods="3" conditionals="0" coveredconditionals="0" statements="16" coveredstatements="16" elements="19" coveredelements="19"/>
      </file>
      <file name="/Users/samsonasik/www/boundwize/structarmed/src/Rule/Rules/Usage/MayNotUseClassRule.php">
        <class name="Boundwize\StructArmed\Rule\Rules\Usage\MayNotUseClassRule" namespace="Boundwize\StructArmed\Rule\Rules\Usage">
          <metrics complexity="6" methods="3" coveredmethods="3" conditionals="0" coveredconditionals="0" statements="20" coveredstatements="20" elements="23" coveredelements="23"/>
        </class>
        <line num="17" type="method" name="__construct" visibility="public" complexity="1" crap="1" count="6"/>
        <line num="22" type="stmt" count="6"/>
        <line num="24" type="method" name="appliesTo" visibility="public" complexity="3" crap="3" count="4"/>
        <line num="26" type="stmt" count="4"/>
        <line num="27" type="stmt" count="1"/>
        <line num="30" type="stmt" count="3"/>
        <line num="31" type="stmt" count="2"/>
        <line num="34" type="stmt" count="1"/>
        <line num="37" type="method" name="evaluate" visibility="public" complexity="2" crap="2" count="2"/>
        <line num="39" type="stmt" count="2"/>
        <line num="40" type="stmt" count="1"/>
        <line num="43" type="stmt" count="1"/>
        <line num="44" type="stmt" count="1"/>
        <line num="45" type="stmt" count="1"/>
        <line num="46" type="stmt" count="1"/>
        <line num="47" type="stmt" count="1"/>
        <line num="48" type="stmt" count="1"/>
        <line num="49" type="stmt" count="1"/>
        <line num="50" type="stmt" count="1"/>
        <line num="51" type="stmt" count="1"/>
        <line num="52" type="stmt" count="1"/>
        <line num="53" type="stmt" count="1"/>
        <line num="54" type="stmt" count="1"/>
        <metrics loc="57" ncloc="57" classes="1" methods="3" coveredmethods="3" conditionals="0" coveredconditionals="0" statements="20" coveredstatements="20" elements="23" coveredelements="23"/>
      </file>
      <file name="/Users/samsonasik/www/boundwize/structarmed/src/Rule/Rules/Usage/MayNotUseSuperglobalsRule.php">
        <class name="Boundwize\StructArmed\Rule\Rules\Usage\MayNotUseSuperglobalsRule" namespace="Boundwize\StructArmed\Rule\Rules\Usage">
          <metrics complexity="4" methods="3" coveredmethods="3" conditionals="0" coveredconditionals="0" statements="16" coveredstatements="16" elements="19" coveredelements="19"/>
        </class>
        <line num="16" type="method" name="__construct" visibility="public" complexity="1" crap="1" count="5"/>
        <line num="19" type="stmt" count="5"/>
        <line num="21" type="method" name="appliesTo" visibility="public" complexity="1" crap="1" count="1"/>
        <line num="23" type="stmt" count="1"/>
        <line num="26" type="method" name="evaluate" visibility="public" complexity="2" crap="2" count="4"/>
        <line num="28" type="stmt" count="4"/>
        <line num="29" type="stmt" count="1"/>
        <line num="32" type="stmt" count="3"/>
        <line num="33" type="stmt" count="3"/>
        <line num="34" type="stmt" count="3"/>
        <line num="35" type="stmt" count="3"/>
        <line num="36" type="stmt" count="3"/>
        <line num="37" type="stmt" count="3"/>
        <line num="38" type="stmt" count="3"/>
        <line num="39" type="stmt" count="3"/>
        <line num="40" type="stmt" count="3"/>
        <line num="41" type="stmt" count="3"/>
        <line num="42" type="stmt" count="3"/>
        <line num="43" type="stmt" count="3"/>
        <metrics loc="46" ncloc="46" classes="1" methods="3" coveredmethods="3" conditionals="0" coveredconditionals="0" statements="16" coveredstatements="16" elements="19" coveredelements="19"/>
      </file>
    </package>
    <metrics files="42" loc="3557" ncloc="3288" classes="33" methods="168" coveredmethods="167" conditionals="0" coveredconditionals="0" statements="1191" coveredstatements="1190" elements="1359" coveredelements="1357"/>
  </project>
</coverage>
